start: S
accept: AC
reject: RJ
blank: E
S E -> AC E ^
S 0 -> R 2 >
S 1 -> R 3 >
R 0 -> R 2 >
R 1 -> R 3 >
R E -> B E <
B 0 -> B 0 <
B 1 -> B 1 <
B 2 -> GZ 4 >
B 3 -> GO 5 >
B 4 -> B 4 <
B 5 -> B 5 <
B E -> C45 E >
GZ 0 -> GZ 0 >
GZ 1 -> GZ 1 >
GZ 4 -> GZ 4 >
GZ 5 -> GZ 5 >
GZ E -> B 0 <
GO 0 -> GO 0 >
GO 1 -> GO 1 >
GO 4 -> GO 4 >
GO 5 -> GO 5 >
GO E -> B 1 <
C45 4 -> C45 0 >
C45 5 -> C45 1 >
C45 0 -> EGB 0 <
C45 1 -> EGB 1 <
EGB 0 -> EGB 0 <
EGB 1 -> EGB 1 <
EGB E -> AC E >