start: S
accept: AC
reject: RJ
blank: E
S 0 -> r 2 >
S 1 -> r 3 >
S < -> che < >
r 0 -> r 0 >
r 1 -> r 1 >
r < -> gvr < >
gvr 0 -> l 4 <
gvr 1 -> l 5 <
gvr 4 -> gvr 4 >
gvr 5 -> gvr 5 >
gvr E -> RJ E ^
l 0 -> l 0 <
l 1 -> l 1 <
l 4 -> l 4 <
l 5 -> l 5 <
l < -> l < <
l 2 -> S 2 >
l 3 -> S 3 >
che 4 -> che 4 >
che 5 -> che 5 >
che 0 -> AC 0 ^
che 1 -> AC 1 ^
che E -> gel E <
gel 4 -> gel 4 <
gel 5 -> gel 5 <
gel < -> gel < <
gel 2 -> gel 2 <
gel 3 -> gel 3 <
gel E -> chfs E >
chfs 2 -> r0 6 >
chfs 3 -> r1 7 >
chfs < -> RJ < ^
r0 2 -> r0 2 >
r0 3 -> r0 3 >
r0 < -> r0 < >
r0 8 -> r0 8 >
r0 9 -> r0 9 >
r0 4 -> fch0 4 ^
r0 5 -> fch0 5 ^
r1 2 -> r1 2 >
r1 3 -> r1 3 >
r1 < -> r1 < >
r1 8 -> r1 8 >
r1 9 -> r1 9 >
r1 4 -> fch1 4 ^
r1 5 -> fch1 5 ^
fch0 4 -> gleft 8 <
fch0 5 -> AC 9 ^
fch1 4 -> RJ 8 ^
fch1 5 -> gleft 9 <
gleft 8 -> gleft 8 <
gleft 9 -> gleft 9 <
gleft < -> gleft < <
gleft 2 -> gleft 2 <
gleft 3 -> gleft 3 <
gleft 6 -> chfs 6 >
gleft 7 -> chfs 7 >