start: S
accept: AC
reject: RJ
blank: _
S 0 -> prep1 0 <
S 1 -> prep1 1 <
S _ -> AC _ ^
prep1 _ -> prep2 + <
prep2 _ -> Gr 0 >
Gr 0 -> Gr 0 >
Gr 1 -> Gr 1 >
Gr 4 -> Gr 4 >
Gr 5 -> Gr 5 >
Gr + -> Gr + >
Gr * -> Gr * >
Gr _ -> revers _ <
revers 0 -> gle0 _ <
revers 1 -> gle1 _ <
revers * -> enit _ <
enit 0 -> enit _ <
enit 1 -> enit _ <
enit + -> enited _ <
enited 0 -> enited 0 <
enited 1 -> enited 1 <
enited 4 -> enited 0 <
enited 5 -> enited 1 <
enited _ -> AC _ >
gle0 0 -> gle0 0 <
gle0 1 -> gle0 1 <
gle0 * -> gle0 * <
gle0 + -> ggle0 + <
ggle0 4 -> ggle0 4 <
ggle0 5 -> ggle0 5 <
ggle0 0 -> Gr 4 >
ggle0 1 -> Gr 5 >
ggle0 _ -> Gr 4 >
gle1 0 -> gle1 0 <
gle1 1 -> gle1 1 <
gle1 * -> chad01 * <
chad01 0 -> GBZ 6 <
chad01 1 -> GBO 7 <
SS 1 -> GR 1 >
SS 0 -> GR 0 >
GR 0 -> GR 0 >
GR 1 -> GR 1 >
GR 2 -> GR 2 >
GR 3 -> GR 3 >
GR 4 -> GR 4 >
GR 5 -> GR 5 >
GR + -> GR + >
GR 6 -> REV 6 <
GR 7 -> REV 7 <
REV 0 -> GBZ 6 <
REV 1 -> GBO 7 <
REV + -> FP + <
GBZ 1 -> GBZ 1 <
GBZ 0 -> GBZ 0 <
GBZ + -> ADDZ + <
ADDZ 2 -> ADDZ 2 <
ADDZ 3 -> ADDZ 3 <
ADDZ 4 -> ADDZ 4 <
ADDZ 5 -> ADDZ 5 <
ADDZ 0 -> GR 2 >
ADDZ 1 -> GR 3 >
ADDZ _ -> GR 2 >
GBO 1 -> GBO 1 <
GBO 0 -> GBO 0 <
GBO + -> ADDO + <
ADDO 2 -> ADDO 2 <
ADDO 3 -> ADDO 3 <
ADDO 4 -> ADDO 4 <
ADDO 5 -> ADDO 5 <
ADDO 0 -> GR 3 >
ADDO _ -> GR 3 >
ADDO 1 -> C 2 <
C 0 -> GR 1 >
C 1 -> C 0 <
C _ -> GR 1 >
FP 4 -> FP 4 <
FP 5 -> FP 5 <
FP 0 -> FPP 4 <
FP 1 -> FPP 5 <
FP 2 -> FPP 4 <
FP 3 -> FPP 5 <
FPP 0 -> FPP 0 <
FPP 1 -> FPP 1 <
FPP 2 -> FPP 0 <
FPP 3 -> FPP 1 <
FPP _ -> GGr _ >
GGr 0 -> GGr 0 >
GGr 1 -> GGr 1 >
GGr 4 -> GGr 4 >
GGr 5 -> GGr 5 >
GGr + -> GGGr + >
GGGr 6 -> GGGr 0 >
GGGr 7 -> GGGr 1 >
GGGr * -> Gr * >