3
S 0 _ _ -> S _ > 0 > _ ^
S 1 _ _ -> S _ > 1 > _ ^
S ( _ _ -> S _ > _ ^ ( >
S ) _ _ -> PA _ ^ _ ^ _ <
S o _ _ -> Ao _ ^ _ ^ _ <
S a _ _ -> Aa _ ^ _ ^ _ <
S _ _ _ -> SPS _ ^ _ ^ _ <
Ao _ _ o -> Ao _ ^ o > _ <
Ao _ _ a -> Ao _ ^ a > _ <
Ao _ _ ( -> Ao _ ^ _ ^ ( >
Ao _ _ _ -> S _ > _ ^ o >
Aa _ _ o -> Aa _ ^ _ ^ o >
Aa _ _ a -> Aa _ ^ a > _ <
Aa _ _ ( -> Aa _ ^ _ ^ ( >
Aa _ _ _ -> S _ > _ ^ a >
PA _ _ o -> PA _ ^ o > _ <
PA _ _ a -> PA _ ^ a > _ <
PA _ _ ( -> S _ > _ ^ _ ^
SPS _ _ o -> SPS _ ^ o > _ <
SPS _ _ a -> SPS _ ^ a > _ <
SPS _ _ _ -> GL _ ^ _ < _ ^
GL _ 0 _ -> GL _ ^ 0 < _ ^
GL _ 1 _ -> GL _ ^ 1 < _ ^
GL _ o _ -> GL _ ^ o < _ ^
GL _ a _ -> GL _ ^ a < _ ^
GL _ _ _ -> SS _ ^ _ > _ ^
SS _ 0 _ -> SS _ ^ _ > 0 >
SS _ 1 _ -> SS _ ^ _ > 1 >
SS _ a _ -> and _ ^ _ ^ _ <
SS _ o _ -> or _ ^ _ ^ _ <
SS _ _ _ -> end _ ^ _ ^ _ <
and _ _ 0 -> and0 _ ^ _ ^ _ <
and _ _ 1 -> and1 _ ^ _ ^ _ <
and0 _ _ 0 -> SS _ ^ _ > 0 >
and0 _ _ 1 -> SS _ ^ _ > 0 >
and1 _ _ 0 -> SS _ ^ _ > 0 >
and1 _ _ 1 -> SS _ ^ _ > 1 >
or _ _ 0 -> or0 _ ^ _ ^ _ <
or _ _ 1 -> or1 _ ^ _ ^ _ <
or0 _ _ 0 -> SS _ ^ _ > 0 >
or0 _ _ 1 -> SS _ ^ _ > 1 >
or1 _ _ 0 -> SS _ ^ _ > 1 >
or1 _ _ 1 -> SS _ ^ _ > 1 >
end _ _ 0 -> AC 0 ^ _ ^ _ ^
end _ _ 1 -> AC 1 ^ _ ^ _ ^