start: S
accept: AC
reject: RJ
blank: _
S 0 -> PrePq 0 <
S 1 -> PrePq 1 <
PrePq _ -> PreP _ <
PreP _ -> PrePo 1 <
PrePo _ -> PrePO * >
PrePO 1 -> PrePQ 1 >
PrePQ _ -> SP _ >
SP 0 -> SP 0 >
SP 1 -> SP 1 >
SP 2 -> DoA01 2 <
SP 3 -> DoA01 3 <
SP _ -> DoA01 _ <
DoA01 0 -> p0p 2 <
DoA01 1 -> p1p 3 <
DoA01 _ -> regenerate _ >
regenerate 2 -> regenerate 0 >
regenerate 3 -> regenerate 1 >
regenerate _ -> gominus _ <
gominus 1 -> gominusb 0 < 
gominus 0  -> gominus 1 <
gominusb 0 -> gominusb 0 <
gominusb 1 -> gominusb 1 <
gominusb _ -> gominusdoMulb _ <
gominusn 1 -> gominusbn 0 < 
gominusn 0  -> gominusn 1 <
gominusbn 0 -> gominusbn 0 <
gominusbn 1 -> gominusbn 1 <
gominusbn _ -> gominusdoMulbnf _ <
gominusdoMulbnf _ -> gominusdoMulbnf _ <
gominusdoMulbnf 0 -> gominusdoMulbn 0 <
gominusdoMulbnf 1 -> gominusdoMulbn 1 <
gominusdoMulbn 0 -> gominusdoMulbn 0 <
gominusdoMulbn 1 -> gominusdoMulbn 1 <
gominusdoMulbn * -> gominusdoMulbn * <
gominusdoMulbn _ -> SQ _ >
gominusdoMulb 0 -> gominusdoMulb 0 <
gominusdoMulb 1 -> gominusdoMulb 1 <
gominusdoMulb * -> gominusdoMulb * <
gominusdoMulb _ -> SQ _ >
complete3 _ -> complete3 _ >
complete3 0 -> godelved0 0 ^
complete3 1 -> godelved0 1 ^
godelved0 0 -> godelved0 _ >
godelved0 1 -> godcopeaga 1 ^
godelved0 _ -> findconans _ <
findconans _ -> findconans _ <
findconans * -> findconans _ <
findconans 0 -> findconansc 0 <
findconans 1 -> findconansc 1 <
findconansc 0 -> findconansc 0 <
findconansc 1 -> findconansc 1 <
findconansc _ -> AC _ >
godcopeaga 0 -> goleft0 2 <
godcopeaga 1 -> goleft1 3 <
godcopeaga 2 -> godcopeaga 2 >
godcopeaga 3 -> godcopeaga 3 >
godcopeaga _ -> gorecchil _ <
gorecchil 2 -> gorecchil 0 <
gorecchil 3 -> gorecchil 1 <
gorecchil _ -> gorecrrr _ >
gorecrrr 0 -> gorecrrr 0 >
gorecrrr 1 -> gorecrrr 1 >
gorecrrr _ -> gominusn _ <
goleft1 _ -> goleft1 _ < 
goleft1 2 -> goleft1 2 < 
goleft1 3 -> goleft1 3 < 
goleft1 0 -> goleftr1 0 > 
goleft1 1 -> goleftr1 1 > 
goleft1 * -> goleftr1 * > 
goleft0 _ -> goleft0 _ < 
goleft0 2 -> goleft0 2 < 
goleft0 3 -> goleft0 3 < 
goleft0 0 -> goleftr0 0 > 
goleft0 1 -> goleftr0 1 > 
goleft0 * -> goleftr0 * > 
goleftr0 _ -> gofindnext01 0 >
goleftr1 _ -> gofindnext01 1 >
gofindnext01 _ -> gofindnext01 _ >
gofindnext01 2 -> godcopeaga 2 >
gofindnext01 3 -> godcopeaga 3 >
p0p 0 -> p0p 0 <
p0p 1 -> p0p 1 <
p0p _ -> p0pp _ <
p1p 0 -> p1p 0 <
p1p 1 -> p1p 1 <
p1p _ -> p1pp _ <
p0pp 0 -> p0pp 0 <
p0pp 1 -> p0pp 1 <
p0pp * -> p0pp * <
p0pp _ -> FSP 0 >
p1pp 0 -> p1pp 0 <
p1pp 1 -> p1pp 1 <
p1pp * -> p1pp * <
p1pp _ -> FSP 1 >
FSP 0 -> FSP 0 >
FSP 1 -> FSP 1 >
FSP * -> FSP * >
FSP _ -> SP _ >
SQ 0 -> prep1 0 <
SQ 1 -> prep1 1 <
prep1 _ -> prep2 + <
prep2 _ -> Gr 0 >
Gr 0 -> Gr 0 >
Gr 1 -> Gr 1 >
Gr 4 -> Gr 4 >
Gr 5 -> Gr 5 >
Gr + -> Gr + >
Gr * -> Gr * >
Gr _ -> revers _ <
revers 0 -> gle0 _ <
revers 1 -> gle1 _ <
revers * -> enit _ <
enit 0 -> enit _ <
enit 1 -> enit _ <
enit + -> enited * <
enited 0 -> enited 0 <
enited 1 -> enited 1 <
enited 4 -> enited 0 <
enited 5 -> enited 1 <
enited _ -> enitedback _ >
enitedback 0 -> enitedback 0 >
enitedback 1 -> enitedback 1 >
enitedback * -> complete3 * >
gle0 0 -> gle0 0 <
gle0 1 -> gle0 1 <
gle0 * -> gle0 * <
gle0 + -> ggle0 + <
ggle0 4 -> ggle0 4 <
ggle0 5 -> ggle0 5 <
ggle0 0 -> Gr 4 >
ggle0 1 -> Gr 5 >
ggle0 _ -> Gr 4 >
gle1 0 -> gle1 0 <
gle1 1 -> gle1 1 <
gle1 * -> chad01 * <
chad01 0 -> GBZ 6 <
chad01 1 -> GBO 7 <
SS 1 -> GR 1 >
SS 0 -> GR 0 >
GR 0 -> GR 0 >
GR 1 -> GR 1 >
GR 2 -> GR 2 >
GR 3 -> GR 3 >
GR 4 -> GR 4 >
GR 5 -> GR 5 >
GR + -> GR + >
GR 6 -> REV 6 <
GR 7 -> REV 7 <
REV 0 -> GBZ 6 <
REV 1 -> GBO 7 <
REV + -> FP + <
GBZ 1 -> GBZ 1 <
GBZ 0 -> GBZ 0 <
GBZ + -> ADDZ + <
ADDZ 2 -> ADDZ 2 <
ADDZ 3 -> ADDZ 3 <
ADDZ 4 -> ADDZ 4 <
ADDZ 5 -> ADDZ 5 <
ADDZ 0 -> GR 2 >
ADDZ 1 -> GR 3 >
ADDZ _ -> GR 2 >
GBO 1 -> GBO 1 <
GBO 0 -> GBO 0 <
GBO + -> ADDO + <
ADDO 2 -> ADDO 2 <
ADDO 3 -> ADDO 3 <
ADDO 4 -> ADDO 4 <
ADDO 5 -> ADDO 5 <
ADDO 0 -> GR 3 >
ADDO _ -> GR 3 >
ADDO 1 -> C 2 <
C 0 -> GR 1 >
C 1 -> C 0 <
C _ -> GR 1 >
FP 4 -> FP 4 <
FP 5 -> FP 5 <
FP 0 -> FPP 4 <
FP 1 -> FPP 5 <
FP 2 -> FPP 4 <
FP 3 -> FPP 5 <
FPP 0 -> FPP 0 <
FPP 1 -> FPP 1 <
FPP 2 -> FPP 0 <
FPP 3 -> FPP 1 <
FPP _ -> GGr _ >
GGr 0 -> GGr 0 >
GGr 1 -> GGr 1 >
GGr 4 -> GGr 4 >
GGr 5 -> GGr 5 >
GGr + -> GGGr + >
GGGr 6 -> GGGr 0 >
GGGr 7 -> GGGr 1 >
GGGr * -> Gr * >