3
S 0 _ _ -> xR1 0 ^ _ ^ _ ^
S 1 _ _ -> xR1 1 ^ _ ^ _ ^
xR1 0 _ _ -> xR1 0 > 0 > _ ^ 
xR1 1 _ _ -> xR1 1 > 1 > _ ^ 
xR1 D _ _ -> xR1 D > _ ^ _ ^ 
xR1 | _ _ -> xR2 | > < > _ ^ 
xR1 _ _ _ -> DO_AC_FOR_ONE_ARG _ ^ _ ^ _ ^ 
xR2 0 _ _ -> xR2 0 > 0 > _ ^ 
xR2 1 _ _ -> xR2 1 > 1 > _ ^ 
xR2 D _ _ -> xR2 D > _ ^ _ ^ 
xR2 | _ _ -> PrepLess | ^ _ < _ ^ 
xR2 _ _ _ -> PrepLess _ ^ _ < _ ^
PrepLess | 0 _ -> PrepLess | ^ 0 < _ ^
PrepLess | 1 _ -> PrepLess | ^ 1 < _ ^
PrepLess | < _ -> PrepLess | ^ < < _ ^
PrepLess | _ _ -> DO_LESS | ^ _ > _ ^
PrepLess _ 0 _ -> PrepLess _ ^ 0 < _ ^
PrepLess _ 1 _ -> PrepLess _ ^ 1 < _ ^
PrepLess _ < _ -> PrepLess _ ^ < < _ ^
PrepLess _ _ _ -> DO_LESS _ ^ _ > _ ^
LESS_COMPL | _ _ -> xR2 | > _ ^ _ ^
LESS_COMPL _ _ _ -> DELPRRPRPRPRPRP _ < _ ^ _ ^
DELPRRPRPRPRPRP D _ _ -> DELPRRPRPRPRPRP _ < _ ^ _ ^
DELPRRPRPRPRPRP _ _ _ -> DEL_MINIMUMPR _ ^ _ < _ ^
DELPRRPRPRPRPRP 0 _ _ -> DEL_MINIMUMPR 0 > _ < _ ^
DELPRRPRPRPRPRP 1 _ _ -> DEL_MINIMUMPR 1 > _ < _ ^
DEL_MINIMUMPR _ < _ -> DEL_MINIMUMP _ < _ < _ ^
DEL_MINIMUMP 0 0 _ -> DEL_MINIMUMP 0 < 0 < _ ^
DEL_MINIMUMP 1 1 _ -> DEL_MINIMUMP 1 < 1 < _ ^
DEL_MINIMUMP | _ _ -> DEL_MINIMUMP_THIS D > _ > _ ^
DEL_MINIMUMP _ _ _ -> DEL_MINIMUMP_THIS _ > _ > _ ^
DEL_MINIMUMP 0 1 _ -> DEL_MINIMUMP_GO2R 0 ^ 1 > _ ^
DEL_MINIMUMP 1 0 _ -> DEL_MINIMUMP_GO2R 1 ^ 0 > _ ^
DEL_MINIMUMP 0 _ _ -> DEL_MINIMUMP_GO2R 0 ^ _ > _ ^
DEL_MINIMUMP 1 _ _ -> DEL_MINIMUMP_GO2R 1 ^ _ > _ ^
DEL_MINIMUMP | 0 _ -> DEL_MINIMUMP_GO2R | > 0 > _ ^
DEL_MINIMUMP | 1 _ -> DEL_MINIMUMP_GO2R | > 1 > _ ^
DEL_MINIMUMP_GO2R 0 0 _ -> DEL_MINIMUMP_GO2R 0 ^ 0 > _ ^
DEL_MINIMUMP_GO2R 0 1 _ -> DEL_MINIMUMP_GO2R 0 ^ 1 > _ ^
DEL_MINIMUMP_GO2R 1 0 _ -> DEL_MINIMUMP_GO2R 1 ^ 0 > _ ^
DEL_MINIMUMP_GO2R 1 1 _ -> DEL_MINIMUMP_GO2R 1 ^ 1 > _ ^
DEL_MINIMUMP_GO2R 0 _ _ -> DEL_MINIMUMP_GO2R_GO1L 0 ^ _ ^ _ ^
DEL_MINIMUMP_GO2R 1 _ _ -> DEL_MINIMUMP_GO2R_GO1L 1 ^ _ ^ _ ^
DEL_MINIMUMP_GO2R_GO1L 0 _ _ -> DEL_MINIMUMP_GO2R_GO1L 0 < _ ^ _ ^
DEL_MINIMUMP_GO2R_GO1L 1 _ _ -> DEL_MINIMUMP_GO2R_GO1L 1 < _ ^ _ ^
DEL_MINIMUMP_GO2R_GO1L | _ _ -> DEL_MINIMUMP_DD | < _ ^ _ ^
DEL_MINIMUMP_DD D _ _ -> DEL_MINIMUMP_DD D < _ ^ _ ^
DEL_MINIMUMP_DD 0 _ _ -> DEL_MINIMUMP 0 ^ _ < _ ^
DEL_MINIMUMP_DD 1 _ _ -> DEL_MINIMUMP 1 ^ _ < _ ^

DEL_MINIMUMP_THIS 0 0 _ -> DEL_MINIMUMP_THIS D > _ > 0 >
DEL_MINIMUMP_THIS 1 1 _ -> DEL_MINIMUMP_THIS D > _ > 1 >
DEL_MINIMUMP_THIS | _ _ -> GO_LEFT_LEFT_REA | < _ > | >
DEL_MINIMUMP_THIS D _ _ -> GO_LEFT_LEFT_REA D < _ > | >
DEL_MINIMUMP_THIS _ _ _ -> GO_LEFT_LEFT_REA _ < _ > | >

GO_LEFT_LEFT_REA 0 _ _ -> GO_LEFT_LEFT_REA 0 < _ ^ _ ^
GO_LEFT_LEFT_REA 1 _ _ -> GO_LEFT_LEFT_REA 1 < _ ^ _ ^
GO_LEFT_LEFT_REA D _ _ -> GO_LEFT_LEFT_REA D < _ ^ _ ^
GO_LEFT_LEFT_REA | _ _ -> GO_LEFT_LEFT_REA | < _ ^ _ ^
GO_LEFT_LEFT_REA _ _ _ -> FFFFFFS _ > _ ^ _ ^

FFFFFFS 0 _ _ -> xR1 0 ^ _ ^ _ ^
FFFFFFS 1 _ _ -> xR1 1 ^ _ ^ _ ^
FFFFFFS D _ _ -> FFFFFFS _ > _ ^ _ ^
FFFFFFS | _ _ -> FFFFFFS _ > _ ^ _ ^



DO_AC_FOR_ONE_ARG _ _ _ -> DO_AC_FOR_ONE_ARG_revr1ll _ < _ ^ _ ^
DO_AC_FOR_ONE_ARG_revr1ll 0 _ _ -> DO_AC_FOR_ONE_ARG_revr1ll 0 < _ ^ _ ^
DO_AC_FOR_ONE_ARG_revr1ll 1 _ _ -> DO_AC_FOR_ONE_ARG_revr1ll 1 < _ ^ _ ^
DO_AC_FOR_ONE_ARG_revr1ll D _ _ -> DO_AC_FOR_ONE_ARG_revr1ll D < _ ^ _ ^
DO_AC_FOR_ONE_ARG_revr1ll _ _ _ -> DO_AC_FOR_ONE_ARG_revr1 _ > _ ^ _ ^
DO_AC_FOR_ONE_ARG_revr1 0 _ _ -> DO_AC_FOR_ONE_ARG_revr1 _ > _ ^ 0 >
DO_AC_FOR_ONE_ARG_revr1 1 _ _ -> DO_AC_FOR_ONE_ARG_revr1 _ > _ ^ 1 >
DO_AC_FOR_ONE_ARG_revr1 D _ _ -> DO_AC_FOR_ONE_ARG_revr1_all _ ^ _ ^ _ <
DO_AC_FOR_ONE_ARG_revr1 _ _ _ -> DO_AC_FOR_ONE_ARG_revr1_all _ ^ _ ^ _ <
DO_AC_FOR_ONE_ARG_revr1_all _ _ 0 -> DO_AC_FOR_ONE_ARG_revr1_all _ ^ _ ^ 0 <
DO_AC_FOR_ONE_ARG_revr1_all _ _ 1 -> DO_AC_FOR_ONE_ARG_revr1_all _ ^ _ ^ 1 <
DO_AC_FOR_ONE_ARG_revr1_all _ _ | -> DO_AC_FOR_ONE_ARG_revr1_all _ ^ _ ^ | <
DO_AC_FOR_ONE_ARG_revr1_all _ _ _ -> DO_AC_FOR_ONE_ARG_revr1_all_really _ ^ _ ^ _ >
DO_AC_FOR_ONE_ARG_revr1_all_really _ _ 0 -> DO_AC_FOR_ONE_ARG_revr1_all_really 0 > _ ^ _ >
DO_AC_FOR_ONE_ARG_revr1_all_really _ _ 1 -> DO_AC_FOR_ONE_ARG_revr1_all_really 1 > _ ^ _ >
DO_AC_FOR_ONE_ARG_revr1_all_really _ _ | -> DO_AC_FOR_ONE_ARG_revr1_all_really | > _ ^ _ >
DO_AC_FOR_ONE_ARG_revr1_all_really D _ 0 -> DO_AC_FOR_ONE_ARG_revr1_all_really 0 > _ ^ _ >
DO_AC_FOR_ONE_ARG_revr1_all_really D _ 1 -> DO_AC_FOR_ONE_ARG_revr1_all_really 1 > _ ^ _ >
DO_AC_FOR_ONE_ARG_revr1_all_really D _ | -> DO_AC_FOR_ONE_ARG_revr1_all_really | > _ ^ _ >
DO_AC_FOR_ONE_ARG_revr1_all_really _ _ _ -> DO_AC_FOR_ONE_ARG_revr1_all_really_goback _ < _ ^ _ ^
DO_AC_FOR_ONE_ARG_revr1_all_really_goback 0 _ _ -> DO_AC_FOR_ONE_ARG_revr1_all_really_goback 0 < _ ^ _ ^
DO_AC_FOR_ONE_ARG_revr1_all_really_goback 1 _ _ -> DO_AC_FOR_ONE_ARG_revr1_all_really_goback 1 < _ ^ _ ^
DO_AC_FOR_ONE_ARG_revr1_all_really_goback | _ _ -> DO_AC_FOR_ONE_ARG_revr1_all_really_goback | < _ ^ _ ^
DO_AC_FOR_ONE_ARG_revr1_all_really_goback _ _ _ -> AC _ > _ ^ _ ^
DO_LESS _ 0 _ -> r _ ^ 2 > _ ^
DO_LESS _ 1 _ -> r _ ^ 3 > _ ^
DO_LESS _ < _ -> che _ ^ < > _ ^
r _ 0 _ -> r _ ^ 0 > _ ^
r _ 1 _ -> r _ ^ 1 > _ ^
r _ < _ -> gvr _ ^ < > _ ^
gvr _ 0 _ -> l _ ^ 4 < _ ^
gvr _ 1 _ -> l _ ^ 5 < _ ^
gvr _ 4 _ -> gvr _ ^ 4 > _ ^
gvr _ 5 _ -> gvr _ ^ 5 > _ ^
gvr _ _ _ -> PreGLLG _ ^ _ ^ _ ^
l _ 0 _ -> l _ ^ 0 < _ ^
l _ 1 _ -> l _ ^ 1 < _ ^
l _ 4 _ -> l _ ^ 4 < _ ^
l _ 5 _ -> l _ ^ 5 < _ ^
l _ < _ -> l _ ^ < < _ ^
l _ 2 _ -> DO_LESS _ ^ 2 > _ ^
l _ 3 _ -> DO_LESS _ ^ 3 > _ ^
che _ 4 _ -> che _ ^ 4 > _ ^
che _ 5 _ -> che _ ^ 5 > _ ^
che _ 0 _ -> GGGGL _ ^ 0 ^ _ ^
che _ 1 _ -> GGGGL _ ^ 1 ^ _ ^
che _ _ _ -> gel _ ^ _ < _ ^
gel _ 4 _ -> gel _ ^ 4 < _ ^
gel _ 5 _ -> gel _ ^ 5 < _ ^
gel _ < _ -> gel _ ^ < < _ ^
gel _ 2 _ -> gel _ ^ 2 < _ ^
gel _ 3 _ -> gel _ ^ 3 < _ ^
gel _ _ _ -> chfs _ ^ _ > _ ^
chfs _ 2 _ -> r0 _ ^ 6 > _ ^
chfs _ 3 _ -> r1 _ ^ 7 > _ ^
chfs _ < _ -> PreGLLG _ ^ < ^ _ ^
r0 _ 2 _ -> r0 _ ^ 2 > _ ^
r0 _ 3 _ -> r0 _ ^ 3 > _ ^
r0 _ < _ -> r0 _ ^ < > _ ^
r0 _ 8 _ -> r0 _ ^ 8 > _ ^
r0 _ 9 _ -> r0 _ ^ 9 > _ ^
r0 _ 4 _ -> fch0 _ ^ 4 ^ _ ^
r0 _ 5 _ -> fch0 _ ^ 5 ^ _ ^
r1 _ 2 _ -> r1 _ ^ 2 > _ ^
r1 _ 3 _ -> r1 _ ^ 3 > _ ^
r1 _ < _ -> r1 _ ^ < > _ ^
r1 _ 8 _ -> r1 _ ^ 8 > _ ^
r1 _ 9 _ -> r1 _ ^ 9 > _ ^
r1 _ 4 _ -> fch1 _ ^ 4 ^ _ ^
r1 _ 5 _ -> fch1 _ ^ 5 ^ _ ^
fch0 _ 4 _ -> gleft _ ^ 8 < _ ^
fch0 _ 5 _ -> GGGGL _ ^ 9 ^ _ ^
GGGGL _ 0 _ -> GGGGL _ ^ 0 < _ ^
GGGGL _ 1 _ -> GGGGL _ ^ 1 < _ ^
GGGGL _ 2 _ -> GGGGL _ ^ 2 < _ ^
GGGGL _ 3 _ -> GGGGL _ ^ 3 < _ ^
GGGGL _ 4 _ -> GGGGL _ ^ 4 < _ ^
GGGGL _ 5 _ -> GGGGL _ ^ 5 < _ ^
GGGGL _ 6 _ -> GGGGL _ ^ 6 < _ ^
GGGGL _ 7 _ -> GGGGL _ ^ 7 < _ ^
GGGGL _ 8 _ -> GGGGL _ ^ 8 < _ ^
GGGGL _ 9 _ -> GGGGL _ ^ 9 < _ ^
GGGGL _ < _ -> GGGGL _ ^ < < _ ^
GGGGL _ _ _ -> GGGGLR _ ^ _ > _ ^
GGGGLR _ 0 _ -> GGGGLR _ ^ 0 > _ ^
GGGGLR _ 1 _ -> GGGGLR _ ^ 1 > _ ^
GGGGLR _ 2 _ -> GGGGLR _ ^ 2 > _ ^
GGGGLR _ 3 _ -> GGGGLR _ ^ 3 > _ ^
GGGGLR _ 4 _ -> GGGGLR _ ^ 4 > _ ^
GGGGLR _ 5 _ -> GGGGLR _ ^ 5 > _ ^
GGGGLR _ 6 _ -> GGGGLR _ ^ 6 > _ ^
GGGGLR _ 7 _ -> GGGGLR _ ^ 7 > _ ^
GGGGLR _ 8 _ -> GGGGLR _ ^ 8 > _ ^
GGGGLR _ 9 _ -> GGGGLR _ ^ 9 > _ ^
GGGGLR _ < _ -> GGGGLRR _ ^ _ > _ ^
GGGGLRR _ 0 _ -> GGGGLRR _ ^ _ > _ ^
GGGGLRR _ 1 _ -> GGGGLRR _ ^ _ > _ ^
GGGGLRR _ 2 _ -> GGGGLRR _ ^ _ > _ ^
GGGGLRR _ 3 _ -> GGGGLRR _ ^ _ > _ ^
GGGGLRR _ 4 _ -> GGGGLRR _ ^ _ > _ ^
GGGGLRR _ 5 _ -> GGGGLRR _ ^ _ > _ ^
GGGGLRR _ 6 _ -> GGGGLRR _ ^ _ > _ ^
GGGGLRR _ 7 _ -> GGGGLRR _ ^ _ > _ ^
GGGGLRR _ 8 _ -> GGGGLRR _ ^ _ > _ ^
GGGGLRR _ 9 _ -> GGGGLRR _ ^ _ > _ ^
GGGGLRR _ _ _ -> GGGGLRRREV _ ^ _ < _ ^
GGGGLRRREV _ _ _ -> GGGGLRRREV _ ^ _ < _ ^
GGGGLRRREV _ 0 _ -> ReCOver _ ^ 0 ^ _ ^
GGGGLRRREV _ 1 _ -> ReCOver _ ^ 1 ^ _ ^
GGGGLRRREV _ 2 _ -> ReCOver _ ^ 2 ^ _ ^
GGGGLRRREV _ 3 _ -> ReCOver _ ^ 3 ^ _ ^
GGGGLRRREV _ 4 _ -> ReCOver _ ^ 4 ^ _ ^
GGGGLRRREV _ 5 _ -> ReCOver _ ^ 5 ^ _ ^
GGGGLRRREV _ 6 _ -> ReCOver _ ^ 6 ^ _ ^
GGGGLRRREV _ 7 _ -> ReCOver _ ^ 7 ^ _ ^
GGGGLRRREV _ 8 _ -> ReCOver _ ^ 8 ^ _ ^
GGGGLRRREV _ 9 _ -> ReCOver _ ^ 9 ^ _ ^
ReCOver _ 0 _ -> ReCOver _ ^ 0 < _ ^
ReCOver _ 1 _ -> ReCOver _ ^ 1 < _ ^
ReCOver _ 2 _ -> ReCOver _ ^ 0 < _ ^
ReCOver _ 3 _ -> ReCOver _ ^ 1 < _ ^
ReCOver _ 4 _ -> ReCOver _ ^ 0 < _ ^
ReCOver _ 5 _ -> ReCOver _ ^ 1 < _ ^
ReCOver _ 6 _ -> ReCOver _ ^ 0 < _ ^
ReCOver _ 7 _ -> ReCOver _ ^ 1 < _ ^
ReCOver _ 8 _ -> ReCOver _ ^ 0 < _ ^
ReCOver _ 9 _ -> ReCOver _ ^ 1 < _ ^
ReCOver _ _ _ -> ReCOverRR _ ^ _ > _ ^
ReCOverRR _ 0 _ -> ReCOverRR _ ^ 0 > _ ^
ReCOverRR _ 1 _ -> ReCOverRR _ ^ 1 > _ ^
ReCOverRR _ _ _ -> LESS_COMPL _ ^ < > _ ^
fch1 _ 4 _ -> PreGLLG _ ^ 8 ^ _ ^
fch1 _ 5 _ -> gleft _ ^ 9 < _ ^
PreGLLG _ _ _ -> GLLG _ ^ _ < _ ^
PreGLLG _ 0 _ -> GLLG _ ^ 0 ^ _ ^
PreGLLG _ 1 _ -> GLLG _ ^ 1 ^ _ ^
PreGLLG _ 2 _ -> GLLG _ ^ 2 ^ _ ^
PreGLLG _ 3 _ -> GLLG _ ^ 3 ^ _ ^
PreGLLG _ 4 _ -> GLLG _ ^ 4 ^ _ ^
PreGLLG _ 5 _ -> GLLG _ ^ 5 ^ _ ^
PreGLLG _ 6 _ -> GLLG _ ^ 6 ^ _ ^
PreGLLG _ 7 _ -> GLLG _ ^ 7 ^ _ ^
PreGLLG _ 8 _ -> GLLG _ ^ 8 ^ _ ^
PreGLLG _ 9 _ -> GLLG _ ^ 9 ^ _ ^
PreGLLG _ < _ -> GLLG _ ^ < ^ _ ^
GLLG _ 0 _ -> GLLG _ ^ 0 < _ ^
GLLG _ 1 _ -> GLLG _ ^ 1 < _ ^
GLLG _ 2 _ -> GLLG _ ^ 2 < _ ^
GLLG _ 3 _ -> GLLG _ ^ 3 < _ ^
GLLG _ 4 _ -> GLLG _ ^ 4 < _ ^
GLLG _ 5 _ -> GLLG _ ^ 5 < _ ^
GLLG _ 6 _ -> GLLG _ ^ 6 < _ ^
GLLG _ 7 _ -> GLLG _ ^ 7 < _ ^
GLLG _ 8 _ -> GLLG _ ^ 8 < _ ^
GLLG _ 9 _ -> GLLG _ ^ 9 < _ ^
GLLG _ < _ -> GLLG _ ^ < < _ ^
GLLG _ _ _ -> GLLGCL _ ^ _ > _ ^
GLLGCL _ 0 _ -> GLLGCL _ ^ _ > _ ^
GLLGCL _ 1 _ -> GLLGCL _ ^ _ > _ ^
GLLGCL _ 2 _ -> GLLGCL _ ^ _ > _ ^
GLLGCL _ 3 _ -> GLLGCL _ ^ _ > _ ^
GLLGCL _ 4 _ -> GLLGCL _ ^ _ > _ ^
GLLGCL _ 5 _ -> GLLGCL _ ^ _ > _ ^
GLLGCL _ 6 _ -> GLLGCL _ ^ _ > _ ^
GLLGCL _ 7 _ -> GLLGCL _ ^ _ > _ ^
GLLGCL _ 8 _ -> GLLGCL _ ^ _ > _ ^
GLLGCL _ 9 _ -> GLLGCL _ ^ _ > _ ^
GLLGCL _ < _ -> GLLGCLREcVER _ ^ _ > _ ^
GLLGCLREcVER _ 0 _ -> GLLGCLREcVER _ ^ 0 > _ ^
GLLGCLREcVER _ 1 _ -> GLLGCLREcVER _ ^ 1 > _ ^
GLLGCLREcVER _ 2 _ -> GLLGCLREcVER _ ^ 0 > _ ^
GLLGCLREcVER _ 3 _ -> GLLGCLREcVER _ ^ 1 > _ ^
GLLGCLREcVER _ 4 _ -> GLLGCLREcVER _ ^ 0 > _ ^
GLLGCLREcVER _ 5 _ -> GLLGCLREcVER _ ^ 1 > _ ^
GLLGCLREcVER _ 6 _ -> GLLGCLREcVER _ ^ 0 > _ ^
GLLGCLREcVER _ 7 _ -> GLLGCLREcVER _ ^ 1 > _ ^
GLLGCLREcVER _ 8 _ -> GLLGCLREcVER _ ^ 0 > _ ^
GLLGCLREcVER _ 9 _ -> GLLGCLREcVER _ ^ 1 > _ ^
GLLGCLREcVER _ _ _ -> LESS_COMPL _ ^ < > _ ^
gleft _ 8 _ -> gleft _ ^ 8 < _ ^
gleft _ 9 _ -> gleft _ ^ 9 < _ ^
gleft _ < _ -> gleft _ ^ < < _ ^
gleft _ 2 _ -> gleft _ ^ 2 < _ ^
gleft _ 3 _ -> gleft _ ^ 3 < _ ^
gleft _ 6 _ -> chfs _ ^ 6 > _ ^
gleft _ 7 _ -> chfs _ ^ 7 > _ ^
DO_LESS | 0 _ -> r | ^ 2 > _ ^
DO_LESS | 1 _ -> r | ^ 3 > _ ^
DO_LESS | < _ -> che | ^ < > _ ^
r | 0 _ -> r | ^ 0 > _ ^
r | 1 _ -> r | ^ 1 > _ ^
r | < _ -> gvr | ^ < > _ ^
gvr | 0 _ -> l | ^ 4 < _ ^
gvr | 1 _ -> l | ^ 5 < _ ^
gvr | 4 _ -> gvr | ^ 4 > _ ^
gvr | 5 _ -> gvr | ^ 5 > _ ^
gvr | _ _ -> PreGLLG | ^ _ ^ _ ^
l | 0 _ -> l | ^ 0 < _ ^
l | 1 _ -> l | ^ 1 < _ ^
l | 4 _ -> l | ^ 4 < _ ^
l | 5 _ -> l | ^ 5 < _ ^
l | < _ -> l | ^ < < _ ^
l | 2 _ -> DO_LESS | ^ 2 > _ ^
l | 3 _ -> DO_LESS | ^ 3 > _ ^
che | 4 _ -> che | ^ 4 > _ ^
che | 5 _ -> che | ^ 5 > _ ^
che | 0 _ -> GGGGL | ^ 0 ^ _ ^
che | 1 _ -> GGGGL | ^ 1 ^ _ ^
che | _ _ -> gel | ^ _ < _ ^
gel | 4 _ -> gel | ^ 4 < _ ^
gel | 5 _ -> gel | ^ 5 < _ ^
gel | < _ -> gel | ^ < < _ ^
gel | 2 _ -> gel | ^ 2 < _ ^
gel | 3 _ -> gel | ^ 3 < _ ^
gel | _ _ -> chfs | ^ _ > _ ^
chfs | 2 _ -> r0 | ^ 6 > _ ^
chfs | 3 _ -> r1 | ^ 7 > _ ^
chfs | < _ -> PreGLLG | ^ < ^ _ ^
r0 | 2 _ -> r0 | ^ 2 > _ ^
r0 | 3 _ -> r0 | ^ 3 > _ ^
r0 | < _ -> r0 | ^ < > _ ^
r0 | 8 _ -> r0 | ^ 8 > _ ^
r0 | 9 _ -> r0 | ^ 9 > _ ^
r0 | 4 _ -> fch0 | ^ 4 ^ _ ^
r0 | 5 _ -> fch0 | ^ 5 ^ _ ^
r1 | 2 _ -> r1 | ^ 2 > _ ^
r1 | 3 _ -> r1 | ^ 3 > _ ^
r1 | < _ -> r1 | ^ < > _ ^
r1 | 8 _ -> r1 | ^ 8 > _ ^
r1 | 9 _ -> r1 | ^ 9 > _ ^
r1 | 4 _ -> fch1 | ^ 4 ^ _ ^
r1 | 5 _ -> fch1 | ^ 5 ^ _ ^
fch0 | 4 _ -> gleft | ^ 8 < _ ^
fch0 | 5 _ -> GGGGL | ^ 9 ^ _ ^
GGGGL | 0 _ -> GGGGL | ^ 0 < _ ^
GGGGL | 1 _ -> GGGGL | ^ 1 < _ ^
GGGGL | 2 _ -> GGGGL | ^ 2 < _ ^
GGGGL | 3 _ -> GGGGL | ^ 3 < _ ^
GGGGL | 4 _ -> GGGGL | ^ 4 < _ ^
GGGGL | 5 _ -> GGGGL | ^ 5 < _ ^
GGGGL | 6 _ -> GGGGL | ^ 6 < _ ^
GGGGL | 7 _ -> GGGGL | ^ 7 < _ ^
GGGGL | 8 _ -> GGGGL | ^ 8 < _ ^
GGGGL | 9 _ -> GGGGL | ^ 9 < _ ^
GGGGL | < _ -> GGGGL | ^ < < _ ^
GGGGL | _ _ -> GGGGLR | ^ _ > _ ^
GGGGLR | 0 _ -> GGGGLR | ^ 0 > _ ^
GGGGLR | 1 _ -> GGGGLR | ^ 1 > _ ^
GGGGLR | 2 _ -> GGGGLR | ^ 2 > _ ^
GGGGLR | 3 _ -> GGGGLR | ^ 3 > _ ^
GGGGLR | 4 _ -> GGGGLR | ^ 4 > _ ^
GGGGLR | 5 _ -> GGGGLR | ^ 5 > _ ^
GGGGLR | 6 _ -> GGGGLR | ^ 6 > _ ^
GGGGLR | 7 _ -> GGGGLR | ^ 7 > _ ^
GGGGLR | 8 _ -> GGGGLR | ^ 8 > _ ^
GGGGLR | 9 _ -> GGGGLR | ^ 9 > _ ^
GGGGLR | < _ -> GGGGLRR | ^ _ > _ ^
GGGGLRR | 0 _ -> GGGGLRR | ^ _ > _ ^
GGGGLRR | 1 _ -> GGGGLRR | ^ _ > _ ^
GGGGLRR | 2 _ -> GGGGLRR | ^ _ > _ ^
GGGGLRR | 3 _ -> GGGGLRR | ^ _ > _ ^
GGGGLRR | 4 _ -> GGGGLRR | ^ _ > _ ^
GGGGLRR | 5 _ -> GGGGLRR | ^ _ > _ ^
GGGGLRR | 6 _ -> GGGGLRR | ^ _ > _ ^
GGGGLRR | 7 _ -> GGGGLRR | ^ _ > _ ^
GGGGLRR | 8 _ -> GGGGLRR | ^ _ > _ ^
GGGGLRR | 9 _ -> GGGGLRR | ^ _ > _ ^
GGGGLRR | _ _ -> GGGGLRRREV | ^ _ < _ ^
GGGGLRRREV | _ _ -> GGGGLRRREV | ^ _ < _ ^
GGGGLRRREV | 0 _ -> ReCOver | ^ 0 ^ _ ^
GGGGLRRREV | 1 _ -> ReCOver | ^ 1 ^ _ ^
GGGGLRRREV | 2 _ -> ReCOver | ^ 2 ^ _ ^
GGGGLRRREV | 3 _ -> ReCOver | ^ 3 ^ _ ^
GGGGLRRREV | 4 _ -> ReCOver | ^ 4 ^ _ ^
GGGGLRRREV | 5 _ -> ReCOver | ^ 5 ^ _ ^
GGGGLRRREV | 6 _ -> ReCOver | ^ 6 ^ _ ^
GGGGLRRREV | 7 _ -> ReCOver | ^ 7 ^ _ ^
GGGGLRRREV | 8 _ -> ReCOver | ^ 8 ^ _ ^
GGGGLRRREV | 9 _ -> ReCOver | ^ 9 ^ _ ^
ReCOver | 0 _ -> ReCOver | ^ 0 < _ ^
ReCOver | 1 _ -> ReCOver | ^ 1 < _ ^
ReCOver | 2 _ -> ReCOver | ^ 0 < _ ^
ReCOver | 3 _ -> ReCOver | ^ 1 < _ ^
ReCOver | 4 _ -> ReCOver | ^ 0 < _ ^
ReCOver | 5 _ -> ReCOver | ^ 1 < _ ^
ReCOver | 6 _ -> ReCOver | ^ 0 < _ ^
ReCOver | 7 _ -> ReCOver | ^ 1 < _ ^
ReCOver | 8 _ -> ReCOver | ^ 0 < _ ^
ReCOver | 9 _ -> ReCOver | ^ 1 < _ ^
ReCOver | _ _ -> ReCOverRR | ^ _ > _ ^
ReCOverRR | 0 _ -> ReCOverRR | ^ 0 > _ ^
ReCOverRR | 1 _ -> ReCOverRR | ^ 1 > _ ^
ReCOverRR | _ _ -> LESS_COMPL | ^ < > _ ^
fch1 | 4 _ -> PreGLLG | ^ 8 ^ _ ^
fch1 | 5 _ -> gleft | ^ 9 < _ ^
PreGLLG | _ _ -> GLLG | ^ _ < _ ^
PreGLLG | 0 _ -> GLLG | ^ 0 ^ _ ^
PreGLLG | 1 _ -> GLLG | ^ 1 ^ _ ^
PreGLLG | 2 _ -> GLLG | ^ 2 ^ _ ^
PreGLLG | 3 _ -> GLLG | ^ 3 ^ _ ^
PreGLLG | 4 _ -> GLLG | ^ 4 ^ _ ^
PreGLLG | 5 _ -> GLLG | ^ 5 ^ _ ^
PreGLLG | 6 _ -> GLLG | ^ 6 ^ _ ^
PreGLLG | 7 _ -> GLLG | ^ 7 ^ _ ^
PreGLLG | 8 _ -> GLLG | ^ 8 ^ _ ^
PreGLLG | 9 _ -> GLLG | ^ 9 ^ _ ^
PreGLLG | < _ -> GLLG | ^ < ^ _ ^
GLLG | 0 _ -> GLLG | ^ 0 < _ ^
GLLG | 1 _ -> GLLG | ^ 1 < _ ^
GLLG | 2 _ -> GLLG | ^ 2 < _ ^
GLLG | 3 _ -> GLLG | ^ 3 < _ ^
GLLG | 4 _ -> GLLG | ^ 4 < _ ^
GLLG | 5 _ -> GLLG | ^ 5 < _ ^
GLLG | 6 _ -> GLLG | ^ 6 < _ ^
GLLG | 7 _ -> GLLG | ^ 7 < _ ^
GLLG | 8 _ -> GLLG | ^ 8 < _ ^
GLLG | 9 _ -> GLLG | ^ 9 < _ ^
GLLG | < _ -> GLLG | ^ < < _ ^
GLLG | _ _ -> GLLGCL | ^ _ > _ ^
GLLGCL | 0 _ -> GLLGCL | ^ _ > _ ^
GLLGCL | 1 _ -> GLLGCL | ^ _ > _ ^
GLLGCL | 2 _ -> GLLGCL | ^ _ > _ ^
GLLGCL | 3 _ -> GLLGCL | ^ _ > _ ^
GLLGCL | 4 _ -> GLLGCL | ^ _ > _ ^
GLLGCL | 5 _ -> GLLGCL | ^ _ > _ ^
GLLGCL | 6 _ -> GLLGCL | ^ _ > _ ^
GLLGCL | 7 _ -> GLLGCL | ^ _ > _ ^
GLLGCL | 8 _ -> GLLGCL | ^ _ > _ ^
GLLGCL | 9 _ -> GLLGCL | ^ _ > _ ^
GLLGCL | < _ -> GLLGCLREcVER | ^ _ > _ ^
GLLGCLREcVER | 0 _ -> GLLGCLREcVER | ^ 0 > _ ^
GLLGCLREcVER | 1 _ -> GLLGCLREcVER | ^ 1 > _ ^
GLLGCLREcVER | 2 _ -> GLLGCLREcVER | ^ 0 > _ ^
GLLGCLREcVER | 3 _ -> GLLGCLREcVER | ^ 1 > _ ^
GLLGCLREcVER | 4 _ -> GLLGCLREcVER | ^ 0 > _ ^
GLLGCLREcVER | 5 _ -> GLLGCLREcVER | ^ 1 > _ ^
GLLGCLREcVER | 6 _ -> GLLGCLREcVER | ^ 0 > _ ^
GLLGCLREcVER | 7 _ -> GLLGCLREcVER | ^ 1 > _ ^
GLLGCLREcVER | 8 _ -> GLLGCLREcVER | ^ 0 > _ ^
GLLGCLREcVER | 9 _ -> GLLGCLREcVER | ^ 1 > _ ^
GLLGCLREcVER | _ _ -> LESS_COMPL | ^ < > _ ^
gleft | 8 _ -> gleft | ^ 8 < _ ^
gleft | 9 _ -> gleft | ^ 9 < _ ^
gleft | < _ -> gleft | ^ < < _ ^
gleft | 2 _ -> gleft | ^ 2 < _ ^
gleft | 3 _ -> gleft | ^ 3 < _ ^
gleft | 6 _ -> chfs | ^ 6 > _ ^
gleft | 7 _ -> chfs | ^ 7 > _ ^